<?xml version="1.0" encoding="UTF-8"?>
<!-- Generated by org.testng.reporters.JUnitXMLReporter -->
<testsuite ignored="10" hostname="LAPTOP-55U1L3LS" failures="0" tests="1" name="Default test" time="35.077" errors="0" timestamp="2023-01-30T11:43:32 IST">
  <testcase classname="Fb_Automation.Login" name="login" time="33.391"/>
  <testcase classname="Fb_Automation.Login" name="navigate" time="0.0">
    <ignored/>
  </testcase> <!-- navigate -->
  <testcase classname="Fb_Automation.Login" name="scroll" time="0.0">
    <ignored/>
  </testcase> <!-- scroll -->
  <testcase classname="Fb_Automation.Login" name="screenshot" time="0.0">
    <ignored/>
  </testcase> <!-- screenshot -->
  <testcase classname="Fb_Automation.Login" name="CSSclass" time="0.0">
    <ignored/>
  </testcase> <!-- CSSclass -->
  <testcase classname="Fb_Automation.Login" name="locators" time="0.0">
    <ignored/>
  </testcase> <!-- locators -->
  <testcase classname="Fb_Automation.Login" name="Mousemove" time="0.0">
    <ignored/>
  </testcase> <!-- Mousemove -->
  <testcase classname="Fb_Automation.Login" name="XpathPass" time="0.0">
    <ignored/>
  </testcase> <!-- XpathPass -->
  <testcase classname="Fb_Automation.Login" name="CSStype" time="0.0">
    <ignored/>
  </testcase> <!-- CSStype -->
  <testcase classname="Fb_Automation.Login" name="keyboardOP" time="0.0">
    <ignored/>
  </testcase> <!-- keyboardOP -->
  <testcase classname="Fb_Automation.Login" name="CSSid" time="0.0">
    <ignored/>
  </testcase> <!-- CSSid -->
</testsuite> <!-- Default test -->
