<?xml version="1.0" encoding="UTF-8"?>
<!-- Generated by org.testng.reporters.JUnitXMLReporter -->
<testsuite ignored="48" hostname="LAPTOP-55U1L3LS" failures="0" tests="1" name="Default test" time="3.529" errors="0" timestamp="2023-01-07T16:21:37 IST">
  <testcase classname="Spotify.Automation.Spotify" name="SearchforItem" time="3.492"/>
  <testcase classname="Spotify.Automation.Spotify" name="GetAlbumTracks" time="0.0">
    <ignored/>
  </testcase> <!-- GetAlbumTracks -->
  <testcase classname="Spotify.Automation.Spotify" name="UnfollowArtistsorUsers" time="0.0">
    <ignored/>
  </testcase> <!-- UnfollowArtistsorUsers -->
  <testcase classname="Spotify.Automation.Spotify" name="GetArtistsRelatedArtists" time="0.0">
    <ignored/>
  </testcase> <!-- GetArtistsRelatedArtists -->
  <testcase classname="Spotify.Automation.Spotify" name="GetUsersTopItems" time="0.0">
    <ignored/>
  </testcase> <!-- GetUsersTopItems -->
  <testcase classname="Spotify.Automation.Spotify" name="GetShow" time="0.0">
    <ignored/>
  </testcase> <!-- GetShow -->
  <testcase classname="Spotify.Automation.Spotify" name="GetTracksAudioFeatures" time="0.0">
    <ignored/>
  </testcase> <!-- GetTracksAudioFeatures -->
  <testcase classname="Spotify.Automation.Spotify" name="GetCategorysPlaylists" time="0.0">
    <ignored/>
  </testcase> <!-- GetCategorysPlaylists -->
  <testcase classname="Spotify.Automation.Spotify" name="RemovePlaylistItems" time="0.0">
    <ignored/>
  </testcase> <!-- RemovePlaylistItems -->
  <testcase classname="Spotify.Automation.Spotify" name="GetSeveralShows" time="0.0">
    <ignored/>
  </testcase> <!-- GetSeveralShows -->
  <testcase classname="Spotify.Automation.Spotify" name="UpdatePlaylistItems" time="0.0">
    <ignored/>
  </testcase> <!-- UpdatePlaylistItems -->
  <testcase classname="Spotify.Automation.Spotify" name="GetSingleBrowseCategory" time="0.0">
    <ignored/>
  </testcase> <!-- GetSingleBrowseCategory -->
  <testcase classname="Spotify.Automation.Spotify" name="GetAvailableMarkets" time="0.0">
    <ignored/>
  </testcase> <!-- GetAvailableMarkets -->
  <testcase classname="Spotify.Automation.Spotify" name="GetPlaylist" time="0.0">
    <ignored/>
  </testcase> <!-- GetPlaylist -->
  <testcase classname="Spotify.Automation.Spotify" name="GetPlaylistItems" time="0.0">
    <ignored/>
  </testcase> <!-- GetPlaylistItems -->
  <testcase classname="Spotify.Automation.Spotify" name="GetaChapter" time="0.0">
    <ignored/>
  </testcase> <!-- GetaChapter -->
  <testcase classname="Spotify.Automation.Spotify" name="GetCurrentUsersProfile" time="0.0">
    <ignored/>
  </testcase> <!-- GetCurrentUsersProfile -->
  <testcase classname="Spotify.Automation.Spotify" name="GetUsersPlaylists" time="0.0">
    <ignored/>
  </testcase> <!-- GetUsersPlaylists -->
  <testcase classname="Spotify.Automation.Spotify" name="GetSeveralTracks" time="0.0">
    <ignored/>
  </testcase> <!-- GetSeveralTracks -->
  <testcase classname="Spotify.Automation.Spotify" name="GetSeveralArtists" time="0.0">
    <ignored/>
  </testcase> <!-- GetSeveralArtists -->
  <testcase classname="Spotify.Automation.Spotify" name="GetTrack" time="0.0">
    <ignored/>
  </testcase> <!-- GetTrack -->
  <testcase classname="Spotify.Automation.Spotify" name="GetRecommendations" time="0.0">
    <ignored/>
  </testcase> <!-- GetRecommendations -->
  <testcase classname="Spotify.Automation.Spotify" name="GetUsersProfile" time="0.0">
    <ignored/>
  </testcase> <!-- GetUsersProfile -->
  <testcase classname="Spotify.Automation.Spotify" name="AddItemstoPlaylist" time="0.0">
    <ignored/>
  </testcase> <!-- AddItemstoPlaylist -->
  <testcase classname="Spotify.Automation.Spotify" name="ChangePlaylistDetails" time="0.0">
    <ignored/>
  </testcase> <!-- ChangePlaylistDetails -->
  <testcase classname="Spotify.Automation.Spotify" name="GetTracksAudioAnalysis" time="0.0">
    <ignored/>
  </testcase> <!-- GetTracksAudioAnalysis -->
  <testcase classname="Spotify.Automation.Spotify" name="GetEpisode" time="0.0">
    <ignored/>
  </testcase> <!-- GetEpisode -->
  <testcase classname="Spotify.Automation.Spotify" name="GetArtistsTopTracks" time="0.0">
    <ignored/>
  </testcase> <!-- GetArtistsTopTracks -->
  <testcase classname="Spotify.Automation.Spotify" name="GetAvailableDevices" time="0.0">
    <ignored/>
  </testcase> <!-- GetAvailableDevices -->
  <testcase classname="Spotify.Automation.Spotify" name="GetFollowedArtists" time="0.0">
    <ignored/>
  </testcase> <!-- GetFollowedArtists -->
  <testcase classname="Spotify.Automation.Spotify" name="GetShowEpisodes" time="0.0">
    <ignored/>
  </testcase> <!-- GetShowEpisodes -->
  <testcase classname="Spotify.Automation.Spotify" name="GetCurrentUsersPlaylists" time="0.0">
    <ignored/>
  </testcase> <!-- GetCurrentUsersPlaylists -->
  <testcase classname="Spotify.Automation.Spotify" name="AddCustomPlaylistCoverImage" time="0.0">
    <ignored/>
  </testcase> <!-- AddCustomPlaylistCoverImage -->
  <testcase classname="Spotify.Automation.Spotify" name="CreatePlaylist" time="0.0">
    <ignored/>
  </testcase> <!-- CreatePlaylist -->
  <testcase classname="Spotify.Automation.Spotify" name="GetFeaturedPlaylists" time="0.0">
    <ignored/>
  </testcase> <!-- GetFeaturedPlaylists -->
  <testcase classname="Spotify.Automation.Spotify" name="GetSeveralEpisodes" time="0.0">
    <ignored/>
  </testcase> <!-- GetSeveralEpisodes -->
  <testcase classname="Spotify.Automation.Spotify" name="GetTracksAudioFeaturesl" time="0.0">
    <ignored/>
  </testcase> <!-- GetTracksAudioFeaturesl -->
  <testcase classname="Spotify.Automation.Spotify" name="GetSeveralBrowseCategories" time="0.0">
    <ignored/>
  </testcase> <!-- GetSeveralBrowseCategories -->
  <testcase classname="Spotify.Automation.Spotify" name="CheckIfUserFollowsArtistsorUsers" time="0.0">
    <ignored/>
  </testcase> <!-- CheckIfUserFollowsArtistsorUsers -->
  <testcase classname="Spotify.Automation.Spotify" name="GetNewReleases" time="0.0">
    <ignored/>
  </testcase> <!-- GetNewReleases -->
  <testcase classname="Spotify.Automation.Spotify" name="GetCurrentlyPlayingTrack" time="0.0">
    <ignored/>
  </testcase> <!-- GetCurrentlyPlayingTrack -->
  <testcase classname="Spotify.Automation.Spotify" name="GetArtistsAlbums" time="0.0">
    <ignored/>
  </testcase> <!-- GetArtistsAlbums -->
  <testcase classname="Spotify.Automation.Spotify" name="GetPlaylistCoverImage" time="0.0">
    <ignored/>
  </testcase> <!-- GetPlaylistCoverImage -->
  <testcase classname="Spotify.Automation.Spotify" name="GetAlbum" time="0.0">
    <ignored/>
  </testcase> <!-- GetAlbum -->
  <testcase classname="Spotify.Automation.Spotify" name="GetSeveralAlbums" time="0.0">
    <ignored/>
  </testcase> <!-- GetSeveralAlbums -->
  <testcase classname="Spotify.Automation.Spotify" name="AGetSeveralAudiobooks" time="0.0">
    <ignored/>
  </testcase> <!-- AGetSeveralAudiobooks -->
  <testcase classname="Spotify.Automation.Spotify" name="GetAvailableGenreSeeds" time="0.0">
    <ignored/>
  </testcase> <!-- GetAvailableGenreSeeds -->
  <testcase classname="Spotify.Automation.Spotify" name="GetSeveralChapters" time="0.0">
    <ignored/>
  </testcase> <!-- GetSeveralChapters -->
  <testcase classname="Spotify.Automation.Spotify" name="GetArtist" time="0.0">
    <ignored/>
  </testcase> <!-- GetArtist -->
</testsuite> <!-- Default test -->
