<?xml version="1.0" encoding="UTF-8"?>
<testng-results ignored="4" total="5" passed="1" failed="0" skipped="0">
  <reporter-output>
  </reporter-output>
  <suite started-at="2023-02-07T12:54:52 IST" name="Default suite" finished-at="2023-02-07T12:54:59 IST" duration-ms="6733">
    <groups>
    </groups>
    <test started-at="2023-02-07T12:54:52 IST" name="Default test" finished-at="2023-02-07T12:54:59 IST" duration-ms="6733">
      <class name="Fb_Automation.Action">
        <test-method is-config="true" signature="setup()[pri:0, instance:Fb_Automation.Action@593aaf41]" started-at="2023-02-07T12:54:52 IST" name="setup" finished-at="2023-02-07T12:54:54 IST" duration-ms="1981" status="PASS">
          <reporter-output>
          </reporter-output>
        </test-method> <!-- setup -->
        <test-method signature="doublClick()[pri:0, instance:Fb_Automation.Action@593aaf41]" started-at="2023-02-07T12:54:54 IST" name="doublClick" finished-at="2023-02-07T12:54:59 IST" duration-ms="4715" status="PASS">
          <reporter-output>
          </reporter-output>
        </test-method> <!-- doublClick -->
      </class> <!-- Fb_Automation.Action -->
    </test> <!-- Default test -->
  </suite> <!-- Default suite -->
</testng-results>
