<?xml version="1.0" encoding="UTF-8"?>
<testng-results ignored="48" total="49" passed="1" failed="0" skipped="0">
  <reporter-output>
  </reporter-output>
  <suite started-at="2023-01-07T16:21:34 IST" name="Default suite" finished-at="2023-01-07T16:21:37 IST" duration-ms="3529">
    <groups>
    </groups>
    <test started-at="2023-01-07T16:21:34 IST" name="Default test" finished-at="2023-01-07T16:21:37 IST" duration-ms="3529">
      <class name="Spotify.Automation.Spotify">
        <test-method signature="SearchforItem()[pri:0, instance:Spotify.Automation.Spotify@34f5090e]" started-at="2023-01-07T16:21:34 IST" name="SearchforItem" finished-at="2023-01-07T16:21:37 IST" duration-ms="3492" status="PASS">
          <reporter-output>
          </reporter-output>
        </test-method> <!-- SearchforItem -->
      </class> <!-- Spotify.Automation.Spotify -->
    </test> <!-- Default test -->
  </suite> <!-- Default suite -->
</testng-results>
